  Бинарный поиск  на массиве.cpp
D:\Программирование C++\АиСД\Бинарный поиск  на массиве\Бинарный поиск  на массиве\Бинарный поиск  на массиве.cpp(93,23): warning C4018: <: несоответствие типов со знаком и без знака
D:\Программирование C++\АиСД\Бинарный поиск  на массиве\Бинарный поиск  на массиве\Бинарный поиск  на массиве.cpp(99,23): warning C4018: <: несоответствие типов со знаком и без знака
D:\Программирование C++\АиСД\Бинарный поиск  на массиве\Бинарный поиск  на массиве\Бинарный поиск  на массиве.cpp(108,28): warning C4244: аргумент: преобразование "_Ty" в "int", возможна потеря данных
          with
          [
              _Ty=__int64
          ]
D:\Программирование C++\АиСД\Бинарный поиск  на массиве\Бинарный поиск  на массиве\Бинарный поиск  на массиве.cpp(109,20): warning C4018: <: несоответствие типов со знаком и без знака
D:\Программирование C++\АиСД\Бинарный поиск  на массиве\Бинарный поиск  на массиве\Бинарный поиск  на массиве.cpp(110,29): warning C4244: аргумент: преобразование "_Ty" в "int", возможна потеря данных
          with
          [
              _Ty=__int64
          ]
D:\Программирование C++\АиСД\Бинарный поиск  на массиве\Бинарный поиск  на массиве\Бинарный поиск  на массиве.cpp(116,23): warning C4018: <: несоответствие типов со знаком и без знака
D:\Программирование C++\АиСД\Бинарный поиск  на массиве\Бинарный поиск  на массиве\Бинарный поиск  на массиве.cpp(117,34): warning C4244: аргумент: преобразование "_Ty" в "int", возможна потеря данных
          with
          [
              _Ty=__int64
          ]
D:\Программирование C++\АиСД\Бинарный поиск  на массиве\Бинарный поиск  на массиве\Бинарный поиск  на массиве.cpp(120,35): warning C4244: аргумент: преобразование "_Ty" в "int", возможна потеря данных
          with
          [
              _Ty=__int64
          ]
D:\Программирование C++\АиСД\Бинарный поиск  на массиве\Бинарный поиск  на массиве\Бинарный поиск  на массиве.cpp(85,6): warning C4101: element: неиспользованная локальная переменная
D:\Программирование C++\АиСД\Бинарный поиск  на массиве\Бинарный поиск  на массиве\Бинарный поиск  на массиве.cpp(86,6): warning C4101: k: неиспользованная локальная переменная
D:\Программирование C++\АиСД\Бинарный поиск  на массиве\Бинарный поиск  на массиве\Бинарный поиск  на массиве.cpp(84,6): warning C4101: vel: неиспользованная локальная переменная
D:\Программирование C++\АиСД\Бинарный поиск  на массиве\Бинарный поиск  на массиве\Бинарный поиск  на массиве.cpp(76): warning C4715: searchR: значение возвращается не при всех путях выполнения
  Бинарный поиск  на массиве.vcxproj -> D:\Программирование C++\АиСД\Бинарный поиск  на массиве\Debug\Бинарный поиск  на массиве.exe
