  Source.cpp
D:\Программирование C++\АиСД\Алгоритмы на графах\Нейросеть пишет условие\Нейросеть пишет условие\Source.cpp(12,38): warning C4244: аргумент: преобразование "__int64" в "const unsigned int", возможна потеря данных
D:\Программирование C++\АиСД\Алгоритмы на графах\Нейросеть пишет условие\Нейросеть пишет условие\Source.cpp(14,19): warning C4244: аргумент: преобразование "__int64" в "const unsigned int", возможна потеря данных
D:\Программирование C++\АиСД\Алгоритмы на графах\Нейросеть пишет условие\Нейросеть пишет условие\Source.cpp(21,29): warning C4244: аргумент: преобразование "__int64" в "const unsigned int", возможна потеря данных
D:\Программирование C++\АиСД\Алгоритмы на графах\Нейросеть пишет условие\Нейросеть пишет условие\Source.cpp(24,19): warning C4244: аргумент: преобразование "_Ty1" в "const unsigned int", возможна потеря данных
          with
          [
              _Ty1=__int64
          ]
D:\Программирование C++\АиСД\Алгоритмы на графах\Нейросеть пишет условие\Нейросеть пишет условие\Source.cpp(24,26): warning C4244: аргумент: преобразование "__int64" в "const unsigned int", возможна потеря данных
D:\Программирование C++\АиСД\Алгоритмы на графах\Нейросеть пишет условие\Нейросеть пишет условие\Source.cpp(25,28): warning C4244: аргумент: преобразование "__int64" в "const unsigned int", возможна потеря данных
D:\Программирование C++\АиСД\Алгоритмы на графах\Нейросеть пишет условие\Нейросеть пишет условие\Source.cpp(26,27): warning C4244: аргумент: преобразование "_Ty1" в "const unsigned int", возможна потеря данных
          with
          [
              _Ty1=__int64
          ]
D:\Программирование C++\АиСД\Алгоритмы на графах\Нейросеть пишет условие\Нейросеть пишет условие\Source.cpp(27,45): warning C4244: аргумент: преобразование "_Ty1" в "const unsigned int", возможна потеря данных
          with
          [
              _Ty1=__int64
          ]
D:\Программирование C++\АиСД\Алгоритмы на графах\Нейросеть пишет условие\Нейросеть пишет условие\Source.cpp(28,27): warning C4244: аргумент: преобразование "_Ty1" в "const unsigned int", возможна потеря данных
          with
          [
              _Ty1=__int64
          ]
D:\Программирование C++\АиСД\Алгоритмы на графах\Нейросеть пишет условие\Нейросеть пишет условие\Source.cpp(29,46): warning C4244: аргумент: преобразование "_Ty1" в "const unsigned int", возможна потеря данных
          with
          [
              _Ty1=__int64
          ]
D:\Программирование C++\АиСД\Алгоритмы на графах\Нейросеть пишет условие\Нейросеть пишет условие\Source.cpp(32,30): warning C4244: аргумент: преобразование "__int64" в "const unsigned int", возможна потеря данных
D:\Программирование C++\АиСД\Алгоритмы на графах\Нейросеть пишет условие\Нейросеть пишет условие\Source.cpp(33,41): warning C4244: аргумент: преобразование "_Ty1" в "const unsigned int", возможна потеря данных
          with
          [
              _Ty1=__int64
          ]
D:\Программирование C++\АиСД\Алгоритмы на графах\Нейросеть пишет условие\Нейросеть пишет условие\Source.cpp(34,23): warning C4244: аргумент: преобразование "_Ty1" в "const unsigned int", возможна потеря данных
          with
          [
              _Ty1=__int64
          ]
D:\Программирование C++\АиСД\Алгоритмы на графах\Нейросеть пишет условие\Нейросеть пишет условие\Source.cpp(35,42): warning C4244: аргумент: преобразование "_Ty1" в "const unsigned int", возможна потеря данных
          with
          [
              _Ty1=__int64
          ]
D:\Программирование C++\АиСД\Алгоритмы на графах\Нейросеть пишет условие\Нейросеть пишет условие\Source.cpp(45,42): warning C4244: аргумент: преобразование "__int64" в "const unsigned int", возможна потеря данных
D:\Программирование C++\АиСД\Алгоритмы на графах\Нейросеть пишет условие\Нейросеть пишет условие\Source.cpp(49,17): warning C4244: аргумент: преобразование "__int64" в "const unsigned int", возможна потеря данных
D:\Программирование C++\АиСД\Алгоритмы на графах\Нейросеть пишет условие\Нейросеть пишет условие\Source.cpp(50,17): warning C4244: аргумент: преобразование "__int64" в "const unsigned int", возможна потеря данных
  Нейросеть пишет условие.vcxproj -> D:\Программирование C++\АиСД\Алгоритмы на графах\Нейросеть пишет условие\Debug\Нейросеть пишет условие.exe
